<?xml version="1.0" encoding="UTF-8"?>
<coverage generated="1774453764227" clover="3.2.0">
  <project timestamp="1774453764227" name="All files">
    <metrics statements="225" coveredstatements="79" conditionals="63" coveredconditionals="12" methods="80" coveredmethods="23" elements="368" coveredelements="114" complexity="0" loc="225" ncloc="225" packages="10" files="13" classes="13"/>
    <package name="app">
      <metrics statements="16" coveredstatements="0" conditionals="1" coveredconditionals="0" methods="6" coveredmethods="0"/>
      <file name="layout.tsx" path="C:\Users\anura\Downloads\nitrous-fullstack-prototype1\nitrous-app\app\layout.tsx">
        <metrics statements="7" coveredstatements="0" conditionals="0" coveredconditionals="0" methods="1" coveredmethods="0"/>
        <line num="2" count="0" type="stmt"/>
        <line num="3" count="0" type="stmt"/>
        <line num="6" count="0" type="stmt"/>
        <line num="13" count="0" type="stmt"/>
        <line num="20" count="0" type="stmt"/>
        <line num="28" count="0" type="stmt"/>
        <line num="39" count="0" type="stmt"/>
      </file>
      <file name="page.tsx" path="C:\Users\anura\Downloads\nitrous-fullstack-prototype1\nitrous-app\app\page.tsx">
        <metrics statements="9" coveredstatements="0" conditionals="1" coveredconditionals="0" methods="5" coveredmethods="0"/>
        <line num="1" count="0" type="stmt"/>
        <line num="2" count="0" type="stmt"/>
        <line num="3" count="0" type="stmt"/>
        <line num="5" count="0" type="stmt"/>
        <line num="7" count="0" type="stmt"/>
        <line num="8" count="0" type="stmt"/>
        <line num="9" count="0" type="stmt"/>
        <line num="10" count="0" type="stmt"/>
        <line num="11" count="0" type="stmt"/>
      </file>
    </package>
    <package name="app.cypress.e2e">
      <metrics statements="57" coveredstatements="0" conditionals="0" coveredconditionals="0" methods="19" coveredmethods="0"/>
      <file name="auth.cy.ts" path="C:\Users\anura\Downloads\nitrous-fullstack-prototype1\nitrous-app\app\cypress\e2e\auth.cy.ts">
        <metrics statements="57" coveredstatements="0" conditionals="0" coveredconditionals="0" methods="19" coveredmethods="0"/>
        <line num="1" count="0" type="stmt"/>
        <line num="2" count="0" type="stmt"/>
        <line num="3" count="0" type="stmt"/>
        <line num="6" count="0" type="stmt"/>
        <line num="7" count="0" type="stmt"/>
        <line num="10" count="0" type="stmt"/>
        <line num="11" count="0" type="stmt"/>
        <line num="12" count="0" type="stmt"/>
        <line num="15" count="0" type="stmt"/>
        <line num="16" count="0" type="stmt"/>
        <line num="19" count="0" type="stmt"/>
        <line num="20" count="0" type="stmt"/>
        <line num="25" count="0" type="stmt"/>
        <line num="26" count="0" type="stmt"/>
        <line num="27" count="0" type="stmt"/>
        <line num="29" count="0" type="stmt"/>
        <line num="30" count="0" type="stmt"/>
        <line num="31" count="0" type="stmt"/>
        <line num="34" count="0" type="stmt"/>
        <line num="35" count="0" type="stmt"/>
        <line num="43" count="0" type="stmt"/>
        <line num="44" count="0" type="stmt"/>
        <line num="45" count="0" type="stmt"/>
        <line num="47" count="0" type="stmt"/>
        <line num="48" count="0" type="stmt"/>
        <line num="51" count="0" type="stmt"/>
        <line num="52" count="0" type="stmt"/>
        <line num="57" count="0" type="stmt"/>
        <line num="58" count="0" type="stmt"/>
        <line num="59" count="0" type="stmt"/>
        <line num="61" count="0" type="stmt"/>
        <line num="62" count="0" type="stmt"/>
        <line num="63" count="0" type="stmt"/>
        <line num="67" count="0" type="stmt"/>
        <line num="68" count="0" type="stmt"/>
        <line num="71" count="0" type="stmt"/>
        <line num="72" count="0" type="stmt"/>
        <line num="75" count="0" type="stmt"/>
        <line num="76" count="0" type="stmt"/>
        <line num="77" count="0" type="stmt"/>
        <line num="80" count="0" type="stmt"/>
        <line num="81" count="0" type="stmt"/>
        <line num="85" count="0" type="stmt"/>
        <line num="86" count="0" type="stmt"/>
        <line num="87" count="0" type="stmt"/>
        <line num="90" count="0" type="stmt"/>
        <line num="91" count="0" type="stmt"/>
        <line num="94" count="0" type="stmt"/>
        <line num="95" count="0" type="stmt"/>
        <line num="96" count="0" type="stmt"/>
        <line num="97" count="0" type="stmt"/>
        <line num="98" count="0" type="stmt"/>
        <line num="101" count="0" type="stmt"/>
        <line num="102" count="0" type="stmt"/>
        <line num="105" count="0" type="stmt"/>
        <line num="109" count="0" type="stmt"/>
        <line num="110" count="0" type="stmt"/>
      </file>
    </package>
    <package name="app.events">
      <metrics statements="19" coveredstatements="0" conditionals="23" coveredconditionals="0" methods="6" coveredmethods="0"/>
      <file name="page.tsx" path="C:\Users\anura\Downloads\nitrous-fullstack-prototype1\nitrous-app\app\events\page.tsx">
        <metrics statements="19" coveredstatements="0" conditionals="23" coveredconditionals="0" methods="6" coveredmethods="0"/>
        <line num="2" count="0" type="stmt"/>
        <line num="3" count="0" type="stmt"/>
        <line num="4" count="0" type="stmt"/>
        <line num="5" count="0" type="stmt"/>
        <line num="7" count="0" type="stmt"/>
        <line num="19" count="0" type="stmt"/>
        <line num="21" count="0" type="stmt"/>
        <line num="28" count="0" type="stmt"/>
        <line num="35" count="0" type="stmt"/>
        <line num="36" count="0" type="stmt"/>
        <line num="37" count="0" type="stmt"/>
        <line num="39" count="0" type="stmt"/>
        <line num="40" count="0" type="cond" truecount="0" falsecount="3"/>
        <line num="41" count="0" type="cond" truecount="0" falsecount="1"/>
        <line num="42" count="0" type="stmt"/>
        <line num="61" count="0" type="stmt"/>
        <line num="64" count="0" type="stmt"/>
        <line num="72" count="0" type="stmt"/>
        <line num="89" count="0" type="cond" truecount="0" falsecount="2"/>
      </file>
    </package>
    <package name="app.journeys">
      <metrics statements="12" coveredstatements="0" conditionals="6" coveredconditionals="0" methods="4" coveredmethods="0"/>
      <file name="page.tsx" path="C:\Users\anura\Downloads\nitrous-fullstack-prototype1\nitrous-app\app\journeys\page.tsx">
        <metrics statements="12" coveredstatements="0" conditionals="6" coveredconditionals="0" methods="4" coveredmethods="0"/>
        <line num="1" count="0" type="stmt"/>
        <line num="2" count="0" type="stmt"/>
        <line num="4" count="0" type="stmt"/>
        <line num="97" count="0" type="stmt"/>
        <line num="103" count="0" type="stmt"/>
        <line num="112" count="0" type="stmt"/>
        <line num="121" count="0" type="stmt"/>
        <line num="148" count="0" type="stmt"/>
        <line num="149" count="0" type="stmt"/>
        <line num="150" count="0" type="stmt"/>
        <line num="151" count="0" type="stmt"/>
        <line num="174" count="0" type="stmt"/>
      </file>
    </package>
    <package name="app.live">
      <metrics statements="12" coveredstatements="0" conditionals="4" coveredconditionals="0" methods="6" coveredmethods="0"/>
      <file name="page.tsx" path="C:\Users\anura\Downloads\nitrous-fullstack-prototype1\nitrous-app\app\live\page.tsx">
        <metrics statements="12" coveredstatements="0" conditionals="4" coveredconditionals="0" methods="6" coveredmethods="0"/>
        <line num="3" count="0" type="stmt"/>
        <line num="4" count="0" type="stmt"/>
        <line num="5" count="0" type="stmt"/>
        <line num="7" count="0" type="stmt"/>
        <line num="62" count="0" type="stmt"/>
        <line num="69" count="0" type="stmt"/>
        <line num="70" count="0" type="stmt"/>
        <line num="71" count="0" type="cond" truecount="0" falsecount="2"/>
        <line num="86" count="0" type="stmt"/>
        <line num="180" count="0" type="stmt"/>
        <line num="183" count="0" type="stmt"/>
        <line num="203" count="0" type="stmt"/>
      </file>
    </package>
    <package name="app.login">
      <metrics statements="23" coveredstatements="23" conditionals="5" coveredconditionals="4" methods="4" coveredmethods="4"/>
      <file name="page.tsx" path="C:\Users\anura\Downloads\nitrous-fullstack-prototype1\nitrous-app\app\login\page.tsx">
        <metrics statements="23" coveredstatements="23" conditionals="5" coveredconditionals="4" methods="4" coveredmethods="4"/>
        <line num="2" count="1" type="stmt"/>
        <line num="3" count="1" type="stmt"/>
        <line num="4" count="1" type="stmt"/>
        <line num="5" count="1" type="stmt"/>
        <line num="6" count="1" type="stmt"/>
        <line num="8" count="12" type="stmt"/>
        <line num="9" count="139" type="stmt"/>
        <line num="10" count="139" type="stmt"/>
        <line num="11" count="139" type="stmt"/>
        <line num="12" count="139" type="stmt"/>
        <line num="13" count="139" type="stmt"/>
        <line num="16" count="4" type="stmt"/>
        <line num="17" count="4" type="stmt"/>
        <line num="18" count="4" type="stmt"/>
        <line num="20" count="4" type="stmt"/>
        <line num="21" count="4" type="stmt"/>
        <line num="22" count="2" type="stmt"/>
        <line num="23" count="2" type="stmt"/>
        <line num="24" count="2" type="stmt"/>
        <line num="26" count="1" type="cond" truecount="1" falsecount="1"/>
        <line num="28" count="3" type="stmt"/>
        <line num="67" count="67" type="stmt"/>
        <line num="85" count="53" type="stmt"/>
      </file>
    </package>
    <package name="app.merch">
      <metrics statements="20" coveredstatements="0" conditionals="13" coveredconditionals="0" methods="11" coveredmethods="0"/>
      <file name="page.tsx" path="C:\Users\anura\Downloads\nitrous-fullstack-prototype1\nitrous-app\app\merch\page.tsx">
        <metrics statements="20" coveredstatements="0" conditionals="13" coveredconditionals="0" methods="11" coveredmethods="0"/>
        <line num="2" count="0" type="stmt"/>
        <line num="3" count="0" type="stmt"/>
        <line num="4" count="0" type="stmt"/>
        <line num="6" count="0" type="stmt"/>
        <line num="21" count="0" type="stmt"/>
        <line num="23" count="0" type="stmt"/>
        <line num="29" count="0" type="stmt"/>
        <line num="30" count="0" type="stmt"/>
        <line num="31" count="0" type="stmt"/>
        <line num="32" count="0" type="stmt"/>
        <line num="34" count="0" type="cond" truecount="0" falsecount="2"/>
        <line num="37" count="0" type="stmt"/>
        <line num="38" count="0" type="stmt"/>
        <line num="39" count="0" type="stmt"/>
        <line num="63" count="0" type="stmt"/>
        <line num="66" count="0" type="stmt"/>
        <line num="79" count="0" type="stmt"/>
        <line num="94" count="0" type="stmt"/>
        <line num="109" count="0" type="stmt"/>
        <line num="119" count="0" type="stmt"/>
      </file>
    </package>
    <package name="app.teams">
      <metrics statements="10" coveredstatements="0" conditionals="2" coveredconditionals="0" methods="5" coveredmethods="0"/>
      <file name="page.tsx" path="C:\Users\anura\Downloads\nitrous-fullstack-prototype1\nitrous-app\app\teams\page.tsx">
        <metrics statements="10" coveredstatements="0" conditionals="2" coveredconditionals="0" methods="5" coveredmethods="0"/>
        <line num="1" count="0" type="stmt"/>
        <line num="2" count="0" type="stmt"/>
        <line num="4" count="0" type="stmt"/>
        <line num="91" count="0" type="stmt"/>
        <line num="100" count="0" type="stmt"/>
        <line num="126" count="0" type="stmt"/>
        <line num="136" count="0" type="cond" truecount="0" falsecount="2"/>
        <line num="137" count="0" type="stmt"/>
        <line num="150" count="0" type="stmt"/>
        <line num="165" count="0" type="stmt"/>
      </file>
    </package>
    <package name="components">
      <metrics statements="14" coveredstatements="14" conditionals="2" coveredconditionals="2" methods="5" coveredmethods="5"/>
      <file name="EventCard.tsx" path="C:\Users\anura\Downloads\nitrous-fullstack-prototype1\nitrous-app\components\EventCard.tsx">
        <metrics statements="2" coveredstatements="2" conditionals="2" coveredconditionals="2" methods="1" coveredmethods="1"/>
        <line num="2" count="1" type="stmt"/>
        <line num="8" count="10" type="stmt"/>
      </file>
      <file name="Hero.tsx" path="C:\Users\anura\Downloads\nitrous-fullstack-prototype1\nitrous-app\components\Hero.tsx">
        <metrics statements="9" coveredstatements="9" conditionals="0" coveredconditionals="0" methods="3" coveredmethods="3"/>
        <line num="2" count="1" type="stmt"/>
        <line num="3" count="1" type="stmt"/>
        <line num="4" count="1" type="stmt"/>
        <line num="5" count="1" type="stmt"/>
        <line num="7" count="1" type="stmt"/>
        <line num="16" count="12" type="stmt"/>
        <line num="17" count="12" type="stmt"/>
        <line num="19" count="12" type="stmt"/>
        <line num="93" count="72" type="stmt"/>
      </file>
      <file name="Nav.tsx" path="C:\Users\anura\Downloads\nitrous-fullstack-prototype1\nitrous-app\components\Nav.tsx">
        <metrics statements="3" coveredstatements="3" conditionals="0" coveredconditionals="0" methods="1" coveredmethods="1"/>
        <line num="1" count="1" type="stmt"/>
        <line num="2" count="1" type="stmt"/>
        <line num="4" count="11" type="stmt"/>
      </file>
    </package>
    <package name="lib">
      <metrics statements="42" coveredstatements="42" conditionals="7" coveredconditionals="6" methods="14" coveredmethods="14"/>
      <file name="api.ts" path="C:\Users\anura\Downloads\nitrous-fullstack-prototype1\nitrous-app\lib\api.ts">
        <metrics statements="42" coveredstatements="42" conditionals="7" coveredconditionals="6" methods="14" coveredmethods="14"/>
        <line num="3" count="1" type="cond" truecount="2" falsecount="0"/>
        <line num="7" count="30" type="stmt"/>
        <line num="9" count="30" type="stmt"/>
        <line num="10" count="30" type="stmt"/>
        <line num="18" count="30" type="cond" truecount="1" falsecount="0"/>
        <line num="19" count="14" type="stmt"/>
        <line num="20" count="14" type="cond" truecount="1" falsecount="1"/>
        <line num="23" count="16" type="stmt"/>
        <line num="25" count="14" type="stmt"/>
        <line num="26" count="14" type="stmt"/>
        <line num="31" count="3" type="stmt"/>
        <line num="32" count="3" type="cond" truecount="2" falsecount="0"/>
        <line num="33" count="3" type="stmt"/>
        <line num="34" count="2" type="stmt"/>
        <line num="37" count="2" type="stmt"/>
        <line num="38" count="2" type="stmt"/>
        <line num="39" count="1" type="stmt"/>
        <line num="42" count="2" type="stmt"/>
        <line num="43" count="2" type="stmt"/>
        <line num="47" count="2" type="stmt"/>
        <line num="48" count="2" type="stmt"/>
        <line num="49" count="1" type="stmt"/>
        <line num="52" count="2" type="stmt"/>
        <line num="53" count="2" type="stmt"/>
        <line num="57" count="2" type="stmt"/>
        <line num="58" count="2" type="stmt"/>
        <line num="59" count="1" type="stmt"/>
        <line num="62" count="2" type="stmt"/>
        <line num="63" count="2" type="stmt"/>
        <line num="66" count="2" type="stmt"/>
        <line num="67" count="2" type="stmt"/>
        <line num="76" count="2" type="stmt"/>
        <line num="77" count="2" type="stmt"/>
        <line num="78" count="1" type="stmt"/>
        <line num="81" count="2" type="stmt"/>
        <line num="82" count="2" type="stmt"/>
        <line num="86" count="3" type="stmt"/>
        <line num="87" count="3" type="stmt"/>
        <line num="93" count="4" type="stmt"/>
        <line num="94" count="4" type="stmt"/>
        <line num="100" count="2" type="stmt"/>
        <line num="101" count="2" type="stmt"/>
      </file>
    </package>
  </project>
</coverage>
