{"C:\\Users\\anura\\Downloads\\nitrous-fullstack-prototype1\\nitrous-app\\app\\layout.tsx": {"path":"C:\\Users\\anura\\Downloads\\nitrous-fullstack-prototype1\\nitrous-app\\app\\layout.tsx","statementMap":{"0":{"start":{"line":39,"column":24},"end":{"line":39,"column":35}},"1":{"start":{"line":28,"column":13},"end":{"line":28,"column":34}},"2":{"start":{"line":2,"column":52},"end":{"line":2,"column":null}},"3":{"start":{"line":3,"column":7},"end":{"line":3,"column":null}},"4":{"start":{"line":6,"column":17},"end":{"line":11,"column":null}},"5":{"start":{"line":13,"column":17},"end":{"line":18,"column":null}},"6":{"start":{"line":20,"column":22},"end":{"line":25,"column":null}},"7":{"start":{"line":28,"column":34},"end":{"line":37,"column":null}}},"fnMap":{"0":{"name":"RootLayout","decl":{"start":{"line":39,"column":24},"end":{"line":39,"column":35}},"loc":{"start":{"line":43,"column":1},"end":{"line":49,"column":null}}}},"branchMap":{},"s":{"0":0,"1":0,"2":0,"3":0,"4":0,"5":0,"6":0,"7":0},"f":{"0":0},"b":{}}
,"C:\\Users\\anura\\Downloads\\nitrous-fullstack-prototype1\\nitrous-app\\app\\page.tsx": {"path":"C:\\Users\\anura\\Downloads\\nitrous-fullstack-prototype1\\nitrous-app\\app\\page.tsx","statementMap":{"0":{"start":{"line":5,"column":30},"end":{"line":5,"column":null}},"1":{"start":{"line":1,"column":16},"end":{"line":1,"column":null}},"2":{"start":{"line":2,"column":17},"end":{"line":2,"column":null}},"3":{"start":{"line":3,"column":69},"end":{"line":3,"column":null}},"4":{"start":{"line":7,"column":53},"end":{"line":12,"column":null}},"5":{"start":{"line":8,"column":28},"end":{"line":8,"column":30}},"6":{"start":{"line":9,"column":32},"end":{"line":9,"column":34}},"7":{"start":{"line":10,"column":30},"end":{"line":10,"column":32}},"8":{"start":{"line":11,"column":32},"end":{"line":11,"column":34}}},"fnMap":{"0":{"name":"Home","decl":{"start":{"line":5,"column":30},"end":{"line":5,"column":null}},"loc":{"start":{"line":5,"column":30},"end":{"line":59,"column":null}}},"1":{"name":"(anonymous_3)","decl":{"start":{"line":8,"column":22},"end":{"line":8,"column":28}},"loc":{"start":{"line":8,"column":28},"end":{"line":8,"column":30}}},"2":{"name":"(anonymous_4)","decl":{"start":{"line":9,"column":26},"end":{"line":9,"column":32}},"loc":{"start":{"line":9,"column":32},"end":{"line":9,"column":34}}},"3":{"name":"(anonymous_5)","decl":{"start":{"line":10,"column":24},"end":{"line":10,"column":30}},"loc":{"start":{"line":10,"column":30},"end":{"line":10,"column":32}}},"4":{"name":"(anonymous_6)","decl":{"start":{"line":11,"column":26},"end":{"line":11,"column":32}},"loc":{"start":{"line":11,"column":32},"end":{"line":11,"column":34}}}},"branchMap":{"0":{"loc":{"start":{"line":39,"column":13},"end":{"line":39,"column":null}},"type":"binary-expr","locations":[{"start":{"line":39,"column":13},"end":{"line":39,"column":null}}]}},"s":{"0":0,"1":0,"2":0,"3":0,"4":0,"5":0,"6":0,"7":0,"8":0},"f":{"0":0,"1":0,"2":0,"3":0,"4":0},"b":{"0":[0]}}
,"C:\\Users\\anura\\Downloads\\nitrous-fullstack-prototype1\\nitrous-app\\app\\cypress\\e2e\\auth.cy.ts": {"path":"C:\\Users\\anura\\Downloads\\nitrous-fullstack-prototype1\\nitrous-app\\app\\cypress\\e2e\\auth.cy.ts","statementMap":{"0":{"start":{"line":1,"column":0},"end":{"line":83,"column":null}},"1":{"start":{"line":2,"column":2},"end":{"line":4,"column":null}},"2":{"start":{"line":3,"column":4},"end":{"line":3,"column":null}},"3":{"start":{"line":6,"column":2},"end":{"line":8,"column":null}},"4":{"start":{"line":7,"column":4},"end":{"line":7,"column":null}},"5":{"start":{"line":10,"column":2},"end":{"line":13,"column":null}},"6":{"start":{"line":11,"column":4},"end":{"line":11,"column":null}},"7":{"start":{"line":12,"column":4},"end":{"line":12,"column":null}},"8":{"start":{"line":15,"column":2},"end":{"line":17,"column":null}},"9":{"start":{"line":16,"column":4},"end":{"line":16,"column":null}},"10":{"start":{"line":19,"column":2},"end":{"line":32,"column":null}},"11":{"start":{"line":20,"column":4},"end":{"line":23,"column":null}},"12":{"start":{"line":25,"column":4},"end":{"line":25,"column":null}},"13":{"start":{"line":26,"column":4},"end":{"line":26,"column":null}},"14":{"start":{"line":27,"column":4},"end":{"line":27,"column":null}},"15":{"start":{"line":29,"column":4},"end":{"line":29,"column":null}},"16":{"start":{"line":30,"column":4},"end":{"line":30,"column":null}},"17":{"start":{"line":31,"column":4},"end":{"line":31,"column":null}},"18":{"start":{"line":34,"column":2},"end":{"line":49,"column":null}},"19":{"start":{"line":35,"column":4},"end":{"line":41,"column":null}},"20":{"start":{"line":43,"column":4},"end":{"line":43,"column":null}},"21":{"start":{"line":44,"column":4},"end":{"line":44,"column":null}},"22":{"start":{"line":45,"column":4},"end":{"line":45,"column":null}},"23":{"start":{"line":47,"column":4},"end":{"line":47,"column":null}},"24":{"start":{"line":48,"column":4},"end":{"line":48,"column":null}},"25":{"start":{"line":51,"column":2},"end":{"line":65,"column":null}},"26":{"start":{"line":52,"column":4},"end":{"line":55,"column":null}},"27":{"start":{"line":57,"column":4},"end":{"line":57,"column":null}},"28":{"start":{"line":58,"column":4},"end":{"line":58,"column":null}},"29":{"start":{"line":59,"column":4},"end":{"line":59,"column":null}},"30":{"start":{"line":61,"column":4},"end":{"line":61,"column":null}},"31":{"start":{"line":62,"column":4},"end":{"line":64,"column":null}},"32":{"start":{"line":63,"column":6},"end":{"line":63,"column":null}},"33":{"start":{"line":67,"column":2},"end":{"line":69,"column":null}},"34":{"start":{"line":68,"column":4},"end":{"line":68,"column":null}},"35":{"start":{"line":71,"column":2},"end":{"line":73,"column":null}},"36":{"start":{"line":72,"column":4},"end":{"line":72,"column":null}},"37":{"start":{"line":75,"column":2},"end":{"line":78,"column":null}},"38":{"start":{"line":76,"column":4},"end":{"line":76,"column":null}},"39":{"start":{"line":77,"column":4},"end":{"line":77,"column":null}},"40":{"start":{"line":80,"column":2},"end":{"line":82,"column":null}},"41":{"start":{"line":81,"column":4},"end":{"line":81,"column":null}},"42":{"start":{"line":85,"column":0},"end":{"line":112,"column":null}},"43":{"start":{"line":86,"column":2},"end":{"line":88,"column":null}},"44":{"start":{"line":87,"column":4},"end":{"line":87,"column":null}},"45":{"start":{"line":90,"column":2},"end":{"line":92,"column":null}},"46":{"start":{"line":91,"column":4},"end":{"line":91,"column":null}},"47":{"start":{"line":94,"column":2},"end":{"line":99,"column":null}},"48":{"start":{"line":95,"column":4},"end":{"line":95,"column":null}},"49":{"start":{"line":96,"column":4},"end":{"line":96,"column":null}},"50":{"start":{"line":97,"column":4},"end":{"line":97,"column":null}},"51":{"start":{"line":98,"column":4},"end":{"line":98,"column":null}},"52":{"start":{"line":101,"column":2},"end":{"line":103,"column":null}},"53":{"start":{"line":102,"column":4},"end":{"line":102,"column":null}},"54":{"start":{"line":105,"column":2},"end":{"line":111,"column":null}},"55":{"start":{"line":109,"column":4},"end":{"line":109,"column":null}},"56":{"start":{"line":110,"column":4},"end":{"line":110,"column":null}}},"fnMap":{"0":{"name":"(anonymous_0)","decl":{"start":{"line":1,"column":23},"end":{"line":1,"column":null}},"loc":{"start":{"line":1,"column":23},"end":{"line":83,"column":null}}},"1":{"name":"(anonymous_1)","decl":{"start":{"line":2,"column":13},"end":{"line":2,"column":null}},"loc":{"start":{"line":2,"column":13},"end":{"line":4,"column":null}}},"2":{"name":"(anonymous_2)","decl":{"start":{"line":6,"column":29},"end":{"line":6,"column":null}},"loc":{"start":{"line":6,"column":29},"end":{"line":8,"column":null}}},"3":{"name":"(anonymous_3)","decl":{"start":{"line":10,"column":42},"end":{"line":10,"column":null}},"loc":{"start":{"line":10,"column":42},"end":{"line":13,"column":null}}},"4":{"name":"(anonymous_4)","decl":{"start":{"line":15,"column":34},"end":{"line":15,"column":null}},"loc":{"start":{"line":15,"column":34},"end":{"line":17,"column":null}}},"5":{"name":"(anonymous_5)","decl":{"start":{"line":19,"column":54},"end":{"line":19,"column":null}},"loc":{"start":{"line":19,"column":54},"end":{"line":32,"column":null}}},"6":{"name":"(anonymous_6)","decl":{"start":{"line":34,"column":50},"end":{"line":34,"column":null}},"loc":{"start":{"line":34,"column":50},"end":{"line":49,"column":null}}},"7":{"name":"(anonymous_7)","decl":{"start":{"line":51,"column":53},"end":{"line":51,"column":null}},"loc":{"start":{"line":51,"column":53},"end":{"line":65,"column":null}}},"8":{"name":"(anonymous_8)","decl":{"start":{"line":62,"column":21},"end":{"line":62,"column":22}},"loc":{"start":{"line":62,"column":22},"end":{"line":64,"column":null}}},"9":{"name":"(anonymous_9)","decl":{"start":{"line":67,"column":44},"end":{"line":67,"column":null}},"loc":{"start":{"line":67,"column":44},"end":{"line":69,"column":null}}},"10":{"name":"(anonymous_10)","decl":{"start":{"line":71,"column":42},"end":{"line":71,"column":null}},"loc":{"start":{"line":71,"column":42},"end":{"line":73,"column":null}}},"11":{"name":"(anonymous_11)","decl":{"start":{"line":75,"column":39},"end":{"line":75,"column":null}},"loc":{"start":{"line":75,"column":39},"end":{"line":78,"column":null}}},"12":{"name":"(anonymous_12)","decl":{"start":{"line":80,"column":40},"end":{"line":80,"column":null}},"loc":{"start":{"line":80,"column":40},"end":{"line":82,"column":null}}},"13":{"name":"(anonymous_13)","decl":{"start":{"line":85,"column":32},"end":{"line":85,"column":null}},"loc":{"start":{"line":85,"column":32},"end":{"line":112,"column":null}}},"14":{"name":"(anonymous_14)","decl":{"start":{"line":86,"column":13},"end":{"line":86,"column":null}},"loc":{"start":{"line":86,"column":13},"end":{"line":88,"column":null}}},"15":{"name":"(anonymous_15)","decl":{"start":{"line":90,"column":33},"end":{"line":90,"column":null}},"loc":{"start":{"line":90,"column":33},"end":{"line":92,"column":null}}},"16":{"name":"(anonymous_16)","decl":{"start":{"line":94,"column":35},"end":{"line":94,"column":null}},"loc":{"start":{"line":94,"column":35},"end":{"line":99,"column":null}}},"17":{"name":"(anonymous_17)","decl":{"start":{"line":101,"column":34},"end":{"line":101,"column":null}},"loc":{"start":{"line":101,"column":34},"end":{"line":103,"column":null}}},"18":{"name":"(anonymous_18)","decl":{"start":{"line":105,"column":45},"end":{"line":105,"column":null}},"loc":{"start":{"line":105,"column":45},"end":{"line":111,"column":null}}}},"branchMap":{},"s":{"0":0,"1":0,"2":0,"3":0,"4":0,"5":0,"6":0,"7":0,"8":0,"9":0,"10":0,"11":0,"12":0,"13":0,"14":0,"15":0,"16":0,"17":0,"18":0,"19":0,"20":0,"21":0,"22":0,"23":0,"24":0,"25":0,"26":0,"27":0,"28":0,"29":0,"30":0,"31":0,"32":0,"33":0,"34":0,"35":0,"36":0,"37":0,"38":0,"39":0,"40":0,"41":0,"42":0,"43":0,"44":0,"45":0,"46":0,"47":0,"48":0,"49":0,"50":0,"51":0,"52":0,"53":0,"54":0,"55":0,"56":0},"f":{"0":0,"1":0,"2":0,"3":0,"4":0,"5":0,"6":0,"7":0,"8":0,"9":0,"10":0,"11":0,"12":0,"13":0,"14":0,"15":0,"16":0,"17":0,"18":0},"b":{}}
,"C:\\Users\\anura\\Downloads\\nitrous-fullstack-prototype1\\nitrous-app\\app\\events\\page.tsx": {"path":"C:\\Users\\anura\\Downloads\\nitrous-fullstack-prototype1\\nitrous-app\\app\\events\\page.tsx","statementMap":{"0":{"start":{"line":35,"column":24},"end":{"line":35,"column":null}},"1":{"start":{"line":2,"column":17},"end":{"line":2,"column":null}},"2":{"start":{"line":3,"column":25},"end":{"line":3,"column":null}},"3":{"start":{"line":4,"column":16},"end":{"line":4,"column":null}},"4":{"start":{"line":5,"column":19},"end":{"line":5,"column":null}},"5":{"start":{"line":7,"column":18},"end":{"line":17,"column":null}},"6":{"start":{"line":19,"column":13},"end":{"line":19,"column":null}},"7":{"start":{"line":21,"column":42},"end":{"line":26,"column":null}},"8":{"start":{"line":28,"column":41},"end":{"line":33,"column":null}},"9":{"start":{"line":36,"column":30},"end":{"line":36,"column":null}},"10":{"start":{"line":37,"column":34},"end":{"line":37,"column":null}},"11":{"start":{"line":39,"column":19},"end":{"line":43,"column":null}},"12":{"start":{"line":40,"column":4},"end":{"line":40,"column":null}},"13":{"start":{"line":40,"column":31},"end":{"line":40,"column":null}},"14":{"start":{"line":41,"column":4},"end":{"line":41,"column":null}},"15":{"start":{"line":41,"column":26},"end":{"line":41,"column":null}},"16":{"start":{"line":42,"column":4},"end":{"line":42,"column":null}},"17":{"start":{"line":61,"column":14},"end":{"line":62,"column":null}},"18":{"start":{"line":64,"column":31},"end":{"line":64,"column":null}},"19":{"start":{"line":72,"column":27},"end":{"line":72,"column":null}},"20":{"start":{"line":89,"column":12},"end":{"line":89,"column":32}}},"fnMap":{"0":{"name":"EventsPage","decl":{"start":{"line":35,"column":24},"end":{"line":35,"column":null}},"loc":{"start":{"line":35,"column":24},"end":{"line":141,"column":null}}},"1":{"name":"(anonymous_3)","decl":{"start":{"line":39,"column":36},"end":{"line":39,"column":null}},"loc":{"start":{"line":39,"column":36},"end":{"line":43,"column":null}}},"2":{"name":"(anonymous_4)","decl":{"start":{"line":60,"column":22},"end":{"line":60,"column":null}},"loc":{"start":{"line":61,"column":14},"end":{"line":62,"column":null}}},"3":{"name":"(anonymous_5)","decl":{"start":{"line":64,"column":25},"end":{"line":64,"column":31}},"loc":{"start":{"line":64,"column":31},"end":{"line":64,"column":null}}},"4":{"name":"(anonymous_6)","decl":{"start":{"line":72,"column":21},"end":{"line":72,"column":27}},"loc":{"start":{"line":72,"column":27},"end":{"line":72,"column":null}}},"5":{"name":"(anonymous_7)","decl":{"start":{"line":88,"column":24},"end":{"line":88,"column":25}},"loc":{"start":{"line":89,"column":12},"end":{"line":89,"column":32}}}},"branchMap":{"0":{"loc":{"start":{"line":40,"column":4},"end":{"line":40,"column":null}},"type":"if","locations":[{"start":{"line":40,"column":4},"end":{"line":40,"column":null}}]},"1":{"loc":{"start":{"line":40,"column":8},"end":{"line":40,"column":29}},"type":"binary-expr","locations":[{"start":{"line":40,"column":8},"end":{"line":40,"column":20}},{"start":{"line":40,"column":20},"end":{"line":40,"column":29}}]},"2":{"loc":{"start":{"line":41,"column":4},"end":{"line":41,"column":null}},"type":"if","locations":[{"start":{"line":41,"column":4},"end":{"line":41,"column":null}}]},"3":{"loc":{"start":{"line":63,"column":47},"end":{"line":63,"column":90}},"type":"cond-expr","locations":[{"start":{"line":63,"column":64},"end":{"line":63,"column":83}},{"start":{"line":63,"column":86},"end":{"line":63,"column":90}}]},"4":{"loc":{"start":{"line":66,"column":17},"end":{"line":66,"column":80}},"type":"cond-expr","locations":[{"start":{"line":66,"column":33},"end":{"line":66,"column":41}},{"start":{"line":66,"column":41},"end":{"line":66,"column":80}}]},"5":{"loc":{"start":{"line":71,"column":47},"end":{"line":71,"column":88}},"type":"cond-expr","locations":[{"start":{"line":71,"column":58},"end":{"line":71,"column":81}},{"start":{"line":71,"column":84},"end":{"line":71,"column":88}}]},"6":{"loc":{"start":{"line":82,"column":36},"end":{"line":82,"column":null}},"type":"cond-expr","locations":[{"start":{"line":82,"column":60},"end":{"line":82,"column":66}},{"start":{"line":82,"column":66},"end":{"line":82,"column":null}}]},"7":{"loc":{"start":{"line":89,"column":66},"end":{"line":89,"column":108}},"type":"cond-expr","locations":[{"start":{"line":89,"column":81},"end":{"line":89,"column":101}},{"start":{"line":89,"column":104},"end":{"line":89,"column":108}}]},"8":{"loc":{"start":{"line":91,"column":75},"end":{"line":91,"column":109}},"type":"binary-expr","locations":[{"start":{"line":91,"column":75},"end":{"line":91,"column":100}},{"start":{"line":91,"column":104},"end":{"line":91,"column":109}}]},"9":{"loc":{"start":{"line":91,"column":139},"end":{"line":91,"column":173}},"type":"binary-expr","locations":[{"start":{"line":91,"column":139},"end":{"line":91,"column":164}},{"start":{"line":91,"column":168},"end":{"line":91,"column":173}}]},"10":{"loc":{"start":{"line":99,"column":18},"end":{"line":103,"column":19}},"type":"cond-expr","locations":[{"start":{"line":99,"column":18},"end":{"line":103,"column":19}}]},"11":{"loc":{"start":{"line":117,"column":60},"end":{"line":117,"column":101}},"type":"cond-expr","locations":[{"start":{"line":117,"column":75},"end":{"line":117,"column":94}},{"start":{"line":117,"column":97},"end":{"line":117,"column":101}}]},"12":{"loc":{"start":{"line":119,"column":17},"end":{"line":119,"column":30}},"type":"binary-expr","locations":[{"start":{"line":119,"column":17},"end":{"line":119,"column":30}}]},"13":{"loc":{"start":{"line":129,"column":18},"end":{"line":131,"column":19}},"type":"cond-expr","locations":[{"start":{"line":129,"column":18},"end":{"line":131,"column":19}}]}},"s":{"0":0,"1":0,"2":0,"3":0,"4":0,"5":0,"6":0,"7":0,"8":0,"9":0,"10":0,"11":0,"12":0,"13":0,"14":0,"15":0,"16":0,"17":0,"18":0,"19":0,"20":0},"f":{"0":0,"1":0,"2":0,"3":0,"4":0,"5":0},"b":{"0":[0],"1":[0,0],"2":[0],"3":[0,0],"4":[0,0],"5":[0,0],"6":[0,0],"7":[0,0],"8":[0,0],"9":[0,0],"10":[0],"11":[0,0],"12":[0],"13":[0]}}
,"C:\\Users\\anura\\Downloads\\nitrous-fullstack-prototype1\\nitrous-app\\app\\journeys\\page.tsx": {"path":"C:\\Users\\anura\\Downloads\\nitrous-fullstack-prototype1\\nitrous-app\\app\\journeys\\page.tsx","statementMap":{"0":{"start":{"line":112,"column":24},"end":{"line":112,"column":null}},"1":{"start":{"line":1,"column":16},"end":{"line":1,"column":null}},"2":{"start":{"line":2,"column":19},"end":{"line":2,"column":null}},"3":{"start":{"line":4,"column":17},"end":{"line":95,"column":null}},"4":{"start":{"line":97,"column":44},"end":{"line":101,"column":null}},"5":{"start":{"line":103,"column":41},"end":{"line":110,"column":null}},"6":{"start":{"line":121,"column":14},"end":{"line":121,"column":27}},"7":{"start":{"line":148,"column":27},"end":{"line":148,"column":50}},"8":{"start":{"line":149,"column":28},"end":{"line":149,"column":null}},"9":{"start":{"line":150,"column":29},"end":{"line":150,"column":null}},"10":{"start":{"line":151,"column":12},"end":{"line":152,"column":36}},"11":{"start":{"line":174,"column":22},"end":{"line":174,"column":36}}},"fnMap":{"0":{"name":"JourneysPage","decl":{"start":{"line":112,"column":24},"end":{"line":112,"column":null}},"loc":{"start":{"line":112,"column":24},"end":{"line":233,"column":null}}},"1":{"name":"(anonymous_3)","decl":{"start":{"line":120,"column":31},"end":{"line":120,"column":32}},"loc":{"start":{"line":121,"column":14},"end":{"line":121,"column":27}}},"2":{"name":"(anonymous_4)","decl":{"start":{"line":147,"column":24},"end":{"line":147,"column":25}},"loc":{"start":{"line":147,"column":34},"end":{"line":228,"column":null}}},"3":{"name":"(anonymous_5)","decl":{"start":{"line":173,"column":42},"end":{"line":173,"column":43}},"loc":{"start":{"line":174,"column":22},"end":{"line":174,"column":36}}}},"branchMap":{"0":{"loc":{"start":{"line":206,"column":63},"end":{"line":206,"column":99}},"type":"cond-expr","locations":[{"start":{"line":206,"column":74},"end":{"line":206,"column":92}},{"start":{"line":206,"column":95},"end":{"line":206,"column":99}}]},"1":{"loc":{"start":{"line":207,"column":25},"end":{"line":207,"column":48}},"type":"cond-expr","locations":[{"start":{"line":207,"column":36},"end":{"line":207,"column":44}},{"start":{"line":207,"column":44},"end":{"line":207,"column":48}}]},"2":{"loc":{"start":{"line":214,"column":67},"end":{"line":214,"column":100}},"type":"cond-expr","locations":[{"start":{"line":214,"column":78},"end":{"line":214,"column":93}},{"start":{"line":214,"column":93},"end":{"line":214,"column":100}}]}},"s":{"0":0,"1":0,"2":0,"3":0,"4":0,"5":0,"6":0,"7":0,"8":0,"9":0,"10":0,"11":0},"f":{"0":0,"1":0,"2":0,"3":0},"b":{"0":[0,0],"1":[0,0],"2":[0,0]}}
,"C:\\Users\\anura\\Downloads\\nitrous-fullstack-prototype1\\nitrous-app\\app\\live\\page.tsx": {"path":"C:\\Users\\anura\\Downloads\\nitrous-fullstack-prototype1\\nitrous-app\\app\\live\\page.tsx","statementMap":{"0":{"start":{"line":69,"column":24},"end":{"line":69,"column":null}},"1":{"start":{"line":3,"column":25},"end":{"line":3,"column":null}},"2":{"start":{"line":4,"column":16},"end":{"line":4,"column":null}},"3":{"start":{"line":5,"column":19},"end":{"line":5,"column":null}},"4":{"start":{"line":7,"column":20},"end":{"line":60,"column":null}},"5":{"start":{"line":62,"column":24},"end":{"line":67,"column":null}},"6":{"start":{"line":70,"column":30},"end":{"line":70,"column":null}},"7":{"start":{"line":71,"column":19},"end":{"line":71,"column":75}},"8":{"start":{"line":71,"column":41},"end":{"line":71,"column":61}},"9":{"start":{"line":86,"column":89},"end":{"line":86,"column":116}},"10":{"start":{"line":180,"column":18},"end":{"line":181,"column":null}},"11":{"start":{"line":183,"column":35},"end":{"line":183,"column":null}},"12":{"start":{"line":203,"column":18},"end":{"line":203,"column":31}}},"fnMap":{"0":{"name":"LivePage","decl":{"start":{"line":69,"column":24},"end":{"line":69,"column":null}},"loc":{"start":{"line":69,"column":24},"end":{"line":216,"column":null}}},"1":{"name":"(anonymous_3)","decl":{"start":{"line":71,"column":36},"end":{"line":71,"column":41}},"loc":{"start":{"line":71,"column":41},"end":{"line":71,"column":61}}},"2":{"name":"(anonymous_4)","decl":{"start":{"line":86,"column":79},"end":{"line":86,"column":80}},"loc":{"start":{"line":86,"column":89},"end":{"line":86,"column":116}}},"3":{"name":"(anonymous_5)","decl":{"start":{"line":179,"column":33},"end":{"line":179,"column":null}},"loc":{"start":{"line":180,"column":18},"end":{"line":181,"column":null}}},"4":{"name":"(anonymous_6)","decl":{"start":{"line":183,"column":29},"end":{"line":183,"column":35}},"loc":{"start":{"line":183,"column":35},"end":{"line":183,"column":null}}},"5":{"name":"(anonymous_7)","decl":{"start":{"line":202,"column":37},"end":{"line":202,"column":38}},"loc":{"start":{"line":203,"column":18},"end":{"line":203,"column":31}}}},"branchMap":{"0":{"loc":{"start":{"line":71,"column":19},"end":{"line":71,"column":75}},"type":"binary-expr","locations":[{"start":{"line":71,"column":19},"end":{"line":71,"column":61}},{"start":{"line":71,"column":61},"end":{"line":71,"column":75}}]},"1":{"loc":{"start":{"line":182,"column":56},"end":{"line":182,"column":109}},"type":"cond-expr","locations":[{"start":{"line":182,"column":79},"end":{"line":182,"column":103}},{"start":{"line":182,"column":106},"end":{"line":182,"column":109}}]}},"s":{"0":0,"1":0,"2":0,"3":0,"4":0,"5":0,"6":0,"7":0,"8":0,"9":0,"10":0,"11":0,"12":0},"f":{"0":0,"1":0,"2":0,"3":0,"4":0,"5":0},"b":{"0":[0,0],"1":[0,0]}}
,"C:\\Users\\anura\\Downloads\\nitrous-fullstack-prototype1\\nitrous-app\\app\\login\\page.tsx": {"path":"C:\\Users\\anura\\Downloads\\nitrous-fullstack-prototype1\\nitrous-app\\app\\login\\page.tsx","statementMap":{"0":{"start":{"line":8,"column":24},"end":{"line":8,"column":null}},"1":{"start":{"line":2,"column":25},"end":{"line":2,"column":null}},"2":{"start":{"line":3,"column":17},"end":{"line":3,"column":null}},"3":{"start":{"line":4,"column":26},"end":{"line":4,"column":null}},"4":{"start":{"line":5,"column":22},"end":{"line":5,"column":null}},"5":{"start":{"line":6,"column":19},"end":{"line":6,"column":null}},"6":{"start":{"line":9,"column":17},"end":{"line":9,"column":null}},"7":{"start":{"line":10,"column":28},"end":{"line":10,"column":null}},"8":{"start":{"line":11,"column":34},"end":{"line":11,"column":null}},"9":{"start":{"line":12,"column":28},"end":{"line":12,"column":null}},"10":{"start":{"line":13,"column":32},"end":{"line":13,"column":null}},"11":{"start":{"line":16,"column":4},"end":{"line":16,"column":null}},"12":{"start":{"line":17,"column":4},"end":{"line":17,"column":null}},"13":{"start":{"line":18,"column":4},"end":{"line":18,"column":null}},"14":{"start":{"line":20,"column":4},"end":{"line":29,"column":null}},"15":{"start":{"line":21,"column":30},"end":{"line":21,"column":null}},"16":{"start":{"line":22,"column":6},"end":{"line":22,"column":null}},"17":{"start":{"line":23,"column":6},"end":{"line":23,"column":null}},"18":{"start":{"line":24,"column":6},"end":{"line":24,"column":null}},"19":{"start":{"line":26,"column":6},"end":{"line":26,"column":null}},"20":{"start":{"line":28,"column":6},"end":{"line":28,"column":null}},"21":{"start":{"line":67,"column":31},"end":{"line":67,"column":null}},"22":{"start":{"line":85,"column":31},"end":{"line":85,"column":null}}},"fnMap":{"0":{"name":"LoginPage","decl":{"start":{"line":8,"column":24},"end":{"line":8,"column":null}},"loc":{"start":{"line":8,"column":24},"end":{"line":118,"column":null}}},"1":{"name":"handleSubmit","decl":{"start":{"line":15,"column":17},"end":{"line":15,"column":30}},"loc":{"start":{"line":15,"column":48},"end":{"line":30,"column":null}}},"2":{"name":"(anonymous_4)","decl":{"start":{"line":67,"column":24},"end":{"line":67,"column":25}},"loc":{"start":{"line":67,"column":31},"end":{"line":67,"column":null}}},"3":{"name":"(anonymous_5)","decl":{"start":{"line":85,"column":24},"end":{"line":85,"column":25}},"loc":{"start":{"line":85,"column":31},"end":{"line":85,"column":null}}}},"branchMap":{"0":{"loc":{"start":{"line":26,"column":15},"end":{"line":26,"column":null}},"type":"binary-expr","locations":[{"start":{"line":26,"column":15},"end":{"line":26,"column":26}},{"start":{"line":26,"column":30},"end":{"line":26,"column":null}}]},"1":{"loc":{"start":{"line":92,"column":11},"end":{"line":92,"column":null}},"type":"binary-expr","locations":[{"start":{"line":92,"column":11},"end":{"line":92,"column":null}}]},"2":{"loc":{"start":{"line":105,"column":13},"end":{"line":105,"column":null}},"type":"cond-expr","locations":[{"start":{"line":105,"column":23},"end":{"line":105,"column":45}},{"start":{"line":105,"column":45},"end":{"line":105,"column":null}}]}},"s":{"0":12,"1":1,"2":1,"3":1,"4":1,"5":1,"6":139,"7":139,"8":139,"9":139,"10":139,"11":4,"12":4,"13":4,"14":4,"15":4,"16":2,"17":2,"18":2,"19":1,"20":3,"21":67,"22":53},"f":{"0":139,"1":4,"2":67,"3":53},"b":{"0":[1,0],"1":[139],"2":[4,135]}}
,"C:\\Users\\anura\\Downloads\\nitrous-fullstack-prototype1\\nitrous-app\\app\\merch\\page.tsx": {"path":"C:\\Users\\anura\\Downloads\\nitrous-fullstack-prototype1\\nitrous-app\\app\\merch\\page.tsx","statementMap":{"0":{"start":{"line":29,"column":24},"end":{"line":29,"column":null}},"1":{"start":{"line":2,"column":25},"end":{"line":2,"column":null}},"2":{"start":{"line":3,"column":16},"end":{"line":3,"column":null}},"3":{"start":{"line":4,"column":19},"end":{"line":4,"column":null}},"4":{"start":{"line":6,"column":17},"end":{"line":19,"column":null}},"5":{"start":{"line":21,"column":13},"end":{"line":21,"column":null}},"6":{"start":{"line":23,"column":42},"end":{"line":27,"column":null}},"7":{"start":{"line":30,"column":30},"end":{"line":30,"column":null}},"8":{"start":{"line":31,"column":26},"end":{"line":31,"column":null}},"9":{"start":{"line":32,"column":28},"end":{"line":32,"column":null}},"10":{"start":{"line":34,"column":19},"end":{"line":34,"column":null}},"11":{"start":{"line":34,"column":70},"end":{"line":34,"column":null}},"12":{"start":{"line":37,"column":4},"end":{"line":37,"column":null}},"13":{"start":{"line":37,"column":20},"end":{"line":37,"column":null}},"14":{"start":{"line":38,"column":4},"end":{"line":38,"column":null}},"15":{"start":{"line":39,"column":4},"end":{"line":39,"column":null}},"16":{"start":{"line":39,"column":21},"end":{"line":39,"column":37}},"17":{"start":{"line":63,"column":12},"end":{"line":64,"column":null}},"18":{"start":{"line":66,"column":29},"end":{"line":66,"column":null}},"19":{"start":{"line":79,"column":12},"end":{"line":79,"column":34}},"20":{"start":{"line":94,"column":22},"end":{"line":94,"column":35}},"21":{"start":{"line":109,"column":22},"end":{"line":109,"column":36}},"22":{"start":{"line":119,"column":33},"end":{"line":119,"column":null}}},"fnMap":{"0":{"name":"MerchPage","decl":{"start":{"line":29,"column":24},"end":{"line":29,"column":null}},"loc":{"start":{"line":29,"column":24},"end":{"line":148,"column":null}}},"1":{"name":"(anonymous_3)","decl":{"start":{"line":34,"column":65},"end":{"line":34,"column":70}},"loc":{"start":{"line":34,"column":70},"end":{"line":34,"column":null}}},"2":{"name":"addToCart","decl":{"start":{"line":36,"column":11},"end":{"line":36,"column":21}},"loc":{"start":{"line":36,"column":31},"end":{"line":40,"column":null}}},"3":{"name":"(anonymous_5)","decl":{"start":{"line":37,"column":12},"end":{"line":37,"column":20}},"loc":{"start":{"line":37,"column":20},"end":{"line":37,"column":null}}},"4":{"name":"(anonymous_6)","decl":{"start":{"line":39,"column":15},"end":{"line":39,"column":21}},"loc":{"start":{"line":39,"column":21},"end":{"line":39,"column":37}}},"5":{"name":"(anonymous_7)","decl":{"start":{"line":62,"column":20},"end":{"line":62,"column":null}},"loc":{"start":{"line":63,"column":12},"end":{"line":64,"column":null}}},"6":{"name":"(anonymous_8)","decl":{"start":{"line":66,"column":23},"end":{"line":66,"column":29}},"loc":{"start":{"line":66,"column":29},"end":{"line":66,"column":null}}},"7":{"name":"(anonymous_9)","decl":{"start":{"line":78,"column":24},"end":{"line":78,"column":null}},"loc":{"start":{"line":79,"column":12},"end":{"line":79,"column":34}}},"8":{"name":"(anonymous_10)","decl":{"start":{"line":93,"column":40},"end":{"line":93,"column":41}},"loc":{"start":{"line":94,"column":22},"end":{"line":94,"column":35}}},"9":{"name":"(anonymous_11)","decl":{"start":{"line":108,"column":39},"end":{"line":108,"column":null}},"loc":{"start":{"line":109,"column":22},"end":{"line":109,"column":36}}},"10":{"name":"(anonymous_12)","decl":{"start":{"line":119,"column":27},"end":{"line":119,"column":33}},"loc":{"start":{"line":119,"column":33},"end":{"line":119,"column":null}}}},"branchMap":{"0":{"loc":{"start":{"line":34,"column":19},"end":{"line":34,"column":null}},"type":"cond-expr","locations":[{"start":{"line":34,"column":38},"end":{"line":34,"column":49}},{"start":{"line":34,"column":49},"end":{"line":34,"column":null}}]},"1":{"loc":{"start":{"line":65,"column":45},"end":{"line":65,"column":88}},"type":"cond-expr","locations":[{"start":{"line":65,"column":62},"end":{"line":65,"column":81}},{"start":{"line":65,"column":84},"end":{"line":65,"column":88}}]},"2":{"loc":{"start":{"line":68,"column":15},"end":{"line":68,"column":null}},"type":"cond-expr","locations":[{"start":{"line":68,"column":31},"end":{"line":68,"column":48}},{"start":{"line":68,"column":48},"end":{"line":68,"column":null}}]},"3":{"loc":{"start":{"line":81,"column":15},"end":{"line":81,"column":26}},"type":"binary-expr","locations":[{"start":{"line":81,"column":15},"end":{"line":81,"column":26}}]},"4":{"loc":{"start":{"line":91,"column":17},"end":{"line":91,"column":31}},"type":"binary-expr","locations":[{"start":{"line":91,"column":17},"end":{"line":91,"column":31}}]},"5":{"loc":{"start":{"line":106,"column":17},"end":{"line":106,"column":30}},"type":"binary-expr","locations":[{"start":{"line":106,"column":17},"end":{"line":106,"column":30}}]},"6":{"loc":{"start":{"line":118,"column":49},"end":{"line":118,"column":99}},"type":"cond-expr","locations":[{"start":{"line":118,"column":72},"end":{"line":118,"column":92}},{"start":{"line":118,"column":95},"end":{"line":118,"column":99}}]},"7":{"loc":{"start":{"line":121,"column":19},"end":{"line":121,"column":null}},"type":"cond-expr","locations":[{"start":{"line":121,"column":42},"end":{"line":121,"column":54}},{"start":{"line":121,"column":54},"end":{"line":121,"column":null}}]}},"s":{"0":0,"1":0,"2":0,"3":0,"4":0,"5":0,"6":0,"7":0,"8":0,"9":0,"10":0,"11":0,"12":0,"13":0,"14":0,"15":0,"16":0,"17":0,"18":0,"19":0,"20":0,"21":0,"22":0},"f":{"0":0,"1":0,"2":0,"3":0,"4":0,"5":0,"6":0,"7":0,"8":0,"9":0,"10":0},"b":{"0":[0,0],"1":[0,0],"2":[0,0],"3":[0],"4":[0],"5":[0],"6":[0,0],"7":[0,0]}}
,"C:\\Users\\anura\\Downloads\\nitrous-fullstack-prototype1\\nitrous-app\\app\\teams\\page.tsx": {"path":"C:\\Users\\anura\\Downloads\\nitrous-fullstack-prototype1\\nitrous-app\\app\\teams\\page.tsx","statementMap":{"0":{"start":{"line":100,"column":24},"end":{"line":100,"column":null}},"1":{"start":{"line":1,"column":16},"end":{"line":1,"column":null}},"2":{"start":{"line":2,"column":19},"end":{"line":2,"column":null}},"3":{"start":{"line":4,"column":14},"end":{"line":89,"column":null}},"4":{"start":{"line":91,"column":41},"end":{"line":98,"column":null}},"5":{"start":{"line":126,"column":12},"end":{"line":126,"column":28}},"6":{"start":{"line":136,"column":30},"end":{"line":136,"column":null}},"7":{"start":{"line":137,"column":12},"end":{"line":138,"column":33}},"8":{"start":{"line":150,"column":89},"end":{"line":150,"column":93}},"9":{"start":{"line":165,"column":22},"end":{"line":165,"column":35}}},"fnMap":{"0":{"name":"TeamsPage","decl":{"start":{"line":100,"column":24},"end":{"line":100,"column":null}},"loc":{"start":{"line":100,"column":24},"end":{"line":199,"column":null}}},"1":{"name":"(anonymous_3)","decl":{"start":{"line":125,"column":32},"end":{"line":125,"column":null}},"loc":{"start":{"line":126,"column":12},"end":{"line":126,"column":28}}},"2":{"name":"(anonymous_4)","decl":{"start":{"line":135,"column":21},"end":{"line":135,"column":22}},"loc":{"start":{"line":135,"column":22},"end":{"line":194,"column":null}}},"3":{"name":"(anonymous_5)","decl":{"start":{"line":150,"column":84},"end":{"line":150,"column":89}},"loc":{"start":{"line":150,"column":89},"end":{"line":150,"column":93}}},"4":{"name":"(anonymous_6)","decl":{"start":{"line":164,"column":38},"end":{"line":164,"column":39}},"loc":{"start":{"line":165,"column":22},"end":{"line":165,"column":35}}}},"branchMap":{"0":{"loc":{"start":{"line":136,"column":30},"end":{"line":136,"column":null}},"type":"binary-expr","locations":[{"start":{"line":136,"column":30},"end":{"line":136,"column":50}},{"start":{"line":136,"column":54},"end":{"line":136,"column":null}}]}},"s":{"0":0,"1":0,"2":0,"3":0,"4":0,"5":0,"6":0,"7":0,"8":0,"9":0},"f":{"0":0,"1":0,"2":0,"3":0,"4":0},"b":{"0":[0,0]}}
,"C:\\Users\\anura\\Downloads\\nitrous-fullstack-prototype1\\nitrous-app\\components\\EventCard.tsx": {"path":"C:\\Users\\anura\\Downloads\\nitrous-fullstack-prototype1\\nitrous-app\\components\\EventCard.tsx","statementMap":{"0":{"start":{"line":8,"column":24},"end":{"line":8,"column":34}},"1":{"start":{"line":2,"column":19},"end":{"line":2,"column":null}}},"fnMap":{"0":{"name":"EventCard","decl":{"start":{"line":8,"column":24},"end":{"line":8,"column":34}},"loc":{"start":{"line":8,"column":59},"end":{"line":30,"column":null}}}},"branchMap":{"0":{"loc":{"start":{"line":11,"column":7},"end":{"line":11,"column":19}},"type":"binary-expr","locations":[{"start":{"line":11,"column":7},"end":{"line":11,"column":19}}]},"1":{"loc":{"start":{"line":25,"column":11},"end":{"line":25,"column":21}},"type":"binary-expr","locations":[{"start":{"line":25,"column":11},"end":{"line":25,"column":21}}]}},"s":{"0":10,"1":1},"f":{"0":10},"b":{"0":[10],"1":[10]}}
,"C:\\Users\\anura\\Downloads\\nitrous-fullstack-prototype1\\nitrous-app\\components\\Hero.tsx": {"path":"C:\\Users\\anura\\Downloads\\nitrous-fullstack-prototype1\\nitrous-app\\components\\Hero.tsx","statementMap":{"0":{"start":{"line":16,"column":24},"end":{"line":16,"column":null}},"1":{"start":{"line":2,"column":18},"end":{"line":2,"column":null}},"2":{"start":{"line":3,"column":17},"end":{"line":3,"column":null}},"3":{"start":{"line":4,"column":34},"end":{"line":4,"column":null}},"4":{"start":{"line":5,"column":19},"end":{"line":5,"column":null}},"5":{"start":{"line":7,"column":21},"end":{"line":14,"column":null}},"6":{"start":{"line":17,"column":18},"end":{"line":17,"column":null}},"7":{"start":{"line":19,"column":2},"end":{"line":21,"column":null}},"8":{"start":{"line":93,"column":10},"end":{"line":94,"column":null}}},"fnMap":{"0":{"name":"Hero","decl":{"start":{"line":16,"column":24},"end":{"line":16,"column":null}},"loc":{"start":{"line":16,"column":24},"end":{"line":108,"column":null}}},"1":{"name":"(anonymous_3)","decl":{"start":{"line":19,"column":12},"end":{"line":19,"column":null}},"loc":{"start":{"line":19,"column":12},"end":{"line":21,"column":5}}},"2":{"name":"(anonymous_4)","decl":{"start":{"line":92,"column":26},"end":{"line":92,"column":27}},"loc":{"start":{"line":93,"column":10},"end":{"line":94,"column":null}}}},"branchMap":{},"s":{"0":12,"1":1,"2":1,"3":1,"4":1,"5":1,"6":12,"7":12,"8":72},"f":{"0":12,"1":12,"2":72},"b":{}}
,"C:\\Users\\anura\\Downloads\\nitrous-fullstack-prototype1\\nitrous-app\\components\\Nav.tsx": {"path":"C:\\Users\\anura\\Downloads\\nitrous-fullstack-prototype1\\nitrous-app\\components\\Nav.tsx","statementMap":{"0":{"start":{"line":4,"column":24},"end":{"line":4,"column":null}},"1":{"start":{"line":1,"column":17},"end":{"line":1,"column":null}},"2":{"start":{"line":2,"column":19},"end":{"line":2,"column":null}}},"fnMap":{"0":{"name":"Nav","decl":{"start":{"line":4,"column":24},"end":{"line":4,"column":null}},"loc":{"start":{"line":4,"column":24},"end":{"line":30,"column":null}}}},"branchMap":{},"s":{"0":11,"1":1,"2":1},"f":{"0":11},"b":{}}
,"C:\\Users\\anura\\Downloads\\nitrous-fullstack-prototype1\\nitrous-app\\lib\\api.ts": {"path":"C:\\Users\\anura\\Downloads\\nitrous-fullstack-prototype1\\nitrous-app\\lib\\api.ts","statementMap":{"0":{"start":{"line":66,"column":22},"end":{"line":66,"column":34}},"1":{"start":{"line":47,"column":22},"end":{"line":47,"column":null}},"2":{"start":{"line":52,"column":22},"end":{"line":52,"column":40}},"3":{"start":{"line":100,"column":22},"end":{"line":100,"column":37}},"4":{"start":{"line":42,"column":22},"end":{"line":42,"column":35}},"5":{"start":{"line":31,"column":22},"end":{"line":31,"column":32}},"6":{"start":{"line":62,"column":22},"end":{"line":62,"column":37}},"7":{"start":{"line":57,"column":22},"end":{"line":57,"column":null}},"8":{"start":{"line":37,"column":22},"end":{"line":37,"column":null}},"9":{"start":{"line":81,"column":22},"end":{"line":81,"column":39}},"10":{"start":{"line":76,"column":22},"end":{"line":76,"column":null}},"11":{"start":{"line":93,"column":22},"end":{"line":93,"column":28}},"12":{"start":{"line":86,"column":22},"end":{"line":86,"column":31}},"13":{"start":{"line":3,"column":16},"end":{"line":3,"column":null}},"14":{"start":{"line":7,"column":14},"end":{"line":7,"column":37}},"15":{"start":{"line":9,"column":2},"end":{"line":27,"column":null}},"16":{"start":{"line":10,"column":16},"end":{"line":16,"column":null}},"17":{"start":{"line":18,"column":4},"end":{"line":21,"column":null}},"18":{"start":{"line":19,"column":20},"end":{"line":19,"column":null}},"19":{"start":{"line":20,"column":6},"end":{"line":20,"column":null}},"20":{"start":{"line":23,"column":4},"end":{"line":23,"column":null}},"21":{"start":{"line":25,"column":4},"end":{"line":25,"column":null}},"22":{"start":{"line":26,"column":4},"end":{"line":26,"column":null}},"23":{"start":{"line":32,"column":16},"end":{"line":32,"column":null}},"24":{"start":{"line":33,"column":15},"end":{"line":33,"column":null}},"25":{"start":{"line":34,"column":2},"end":{"line":34,"column":null}},"26":{"start":{"line":38,"column":15},"end":{"line":38,"column":null}},"27":{"start":{"line":39,"column":2},"end":{"line":39,"column":null}},"28":{"start":{"line":43,"column":2},"end":{"line":43,"column":null}},"29":{"start":{"line":48,"column":15},"end":{"line":48,"column":null}},"30":{"start":{"line":49,"column":2},"end":{"line":49,"column":null}},"31":{"start":{"line":53,"column":2},"end":{"line":53,"column":null}},"32":{"start":{"line":58,"column":15},"end":{"line":58,"column":null}},"33":{"start":{"line":59,"column":2},"end":{"line":59,"column":null}},"34":{"start":{"line":63,"column":2},"end":{"line":63,"column":null}},"35":{"start":{"line":67,"column":2},"end":{"line":72,"column":null}},"36":{"start":{"line":77,"column":15},"end":{"line":77,"column":null}},"37":{"start":{"line":78,"column":2},"end":{"line":78,"column":null}},"38":{"start":{"line":82,"column":2},"end":{"line":82,"column":null}},"39":{"start":{"line":87,"column":2},"end":{"line":90,"column":null}},"40":{"start":{"line":94,"column":2},"end":{"line":97,"column":null}},"41":{"start":{"line":101,"column":2},"end":{"line":105,"column":null}}},"fnMap":{"0":{"name":"fetchAPI","decl":{"start":{"line":6,"column":15},"end":{"line":6,"column":27}},"loc":{"start":{"line":6,"column":66},"end":{"line":28,"column":null}}},"1":{"name":"getEvents","decl":{"start":{"line":31,"column":22},"end":{"line":31,"column":32}},"loc":{"start":{"line":31,"column":49},"end":{"line":35,"column":null}}},"2":{"name":"getLiveEvents","decl":{"start":{"line":37,"column":22},"end":{"line":37,"column":null}},"loc":{"start":{"line":37,"column":22},"end":{"line":40,"column":null}}},"3":{"name":"getEventById","decl":{"start":{"line":42,"column":22},"end":{"line":42,"column":35}},"loc":{"start":{"line":42,"column":45},"end":{"line":44,"column":null}}},"4":{"name":"getCategories","decl":{"start":{"line":47,"column":22},"end":{"line":47,"column":null}},"loc":{"start":{"line":47,"column":22},"end":{"line":50,"column":null}}},"5":{"name":"getCategoryBySlug","decl":{"start":{"line":52,"column":22},"end":{"line":52,"column":40}},"loc":{"start":{"line":52,"column":52},"end":{"line":54,"column":null}}},"6":{"name":"getJourneys","decl":{"start":{"line":57,"column":22},"end":{"line":57,"column":null}},"loc":{"start":{"line":57,"column":22},"end":{"line":60,"column":null}}},"7":{"name":"getJourneyById","decl":{"start":{"line":62,"column":22},"end":{"line":62,"column":37}},"loc":{"start":{"line":62,"column":47},"end":{"line":64,"column":null}}},"8":{"name":"bookJourney","decl":{"start":{"line":66,"column":22},"end":{"line":66,"column":34}},"loc":{"start":{"line":66,"column":59},"end":{"line":73,"column":null}}},"9":{"name":"getMerchItems","decl":{"start":{"line":76,"column":22},"end":{"line":76,"column":null}},"loc":{"start":{"line":76,"column":22},"end":{"line":79,"column":null}}},"10":{"name":"getMerchItemById","decl":{"start":{"line":81,"column":22},"end":{"line":81,"column":39}},"loc":{"start":{"line":81,"column":49},"end":{"line":83,"column":null}}},"11":{"name":"register","decl":{"start":{"line":86,"column":22},"end":{"line":86,"column":31}},"loc":{"start":{"line":86,"column":76},"end":{"line":91,"column":null}}},"12":{"name":"login","decl":{"start":{"line":93,"column":22},"end":{"line":93,"column":28}},"loc":{"start":{"line":93,"column":59},"end":{"line":98,"column":null}}},"13":{"name":"getCurrentUser","decl":{"start":{"line":100,"column":22},"end":{"line":100,"column":37}},"loc":{"start":{"line":100,"column":50},"end":{"line":106,"column":null}}}},"branchMap":{"0":{"loc":{"start":{"line":3,"column":16},"end":{"line":3,"column":null}},"type":"binary-expr","locations":[{"start":{"line":3,"column":16},"end":{"line":3,"column":47}},{"start":{"line":3,"column":51},"end":{"line":3,"column":null}}]},"1":{"loc":{"start":{"line":18,"column":4},"end":{"line":21,"column":null}},"type":"if","locations":[{"start":{"line":18,"column":4},"end":{"line":21,"column":null}}]},"2":{"loc":{"start":{"line":20,"column":22},"end":{"line":20,"column":null}},"type":"binary-expr","locations":[{"start":{"line":20,"column":22},"end":{"line":20,"column":33}},{"start":{"line":20,"column":37},"end":{"line":20,"column":null}}]},"3":{"loc":{"start":{"line":32,"column":16},"end":{"line":32,"column":null}},"type":"cond-expr","locations":[{"start":{"line":32,"column":27},"end":{"line":32,"column":50}},{"start":{"line":32,"column":53},"end":{"line":32,"column":null}}]}},"s":{"0":2,"1":2,"2":2,"3":2,"4":2,"5":3,"6":2,"7":2,"8":2,"9":2,"10":2,"11":4,"12":3,"13":1,"14":30,"15":30,"16":30,"17":30,"18":14,"19":14,"20":16,"21":14,"22":14,"23":3,"24":3,"25":2,"26":2,"27":1,"28":2,"29":2,"30":1,"31":2,"32":2,"33":1,"34":2,"35":2,"36":2,"37":1,"38":2,"39":3,"40":4,"41":2},"f":{"0":30,"1":3,"2":2,"3":2,"4":2,"5":2,"6":2,"7":2,"8":2,"9":2,"10":2,"11":3,"12":4,"13":2},"b":{"0":[1,1],"1":[14],"2":[14,0],"3":[1,2]}}
}
