TN:
SF:app\layout.tsx
FN:39,RootLayout
FNF:1
FNH:0
FNDA:0,RootLayout
DA:2,0
DA:3,0
DA:6,0
DA:13,0
DA:20,0
DA:28,0
DA:39,0
LF:7
LH:0
BRF:0
BRH:0
end_of_record
TN:
SF:app\page.tsx
FN:5,Home
FN:8,(anonymous_3)
FN:9,(anonymous_4)
FN:10,(anonymous_5)
FN:11,(anonymous_6)
FNF:5
FNH:0
FNDA:0,Home
FNDA:0,(anonymous_3)
FNDA:0,(anonymous_4)
FNDA:0,(anonymous_5)
FNDA:0,(anonymous_6)
DA:1,0
DA:2,0
DA:3,0
DA:5,0
DA:7,0
DA:8,0
DA:9,0
DA:10,0
DA:11,0
LF:9
LH:0
BRDA:39,0,0,0
BRF:1
BRH:0
end_of_record
TN:
SF:app\cypress\e2e\auth.cy.ts
FN:1,(anonymous_0)
FN:2,(anonymous_1)
FN:6,(anonymous_2)
FN:10,(anonymous_3)
FN:15,(anonymous_4)
FN:19,(anonymous_5)
FN:34,(anonymous_6)
FN:51,(anonymous_7)
FN:62,(anonymous_8)
FN:67,(anonymous_9)
FN:71,(anonymous_10)
FN:75,(anonymous_11)
FN:80,(anonymous_12)
FN:85,(anonymous_13)
FN:86,(anonymous_14)
FN:90,(anonymous_15)
FN:94,(anonymous_16)
FN:101,(anonymous_17)
FN:105,(anonymous_18)
FNF:19
FNH:0
FNDA:0,(anonymous_0)
FNDA:0,(anonymous_1)
FNDA:0,(anonymous_2)
FNDA:0,(anonymous_3)
FNDA:0,(anonymous_4)
FNDA:0,(anonymous_5)
FNDA:0,(anonymous_6)
FNDA:0,(anonymous_7)
FNDA:0,(anonymous_8)
FNDA:0,(anonymous_9)
FNDA:0,(anonymous_10)
FNDA:0,(anonymous_11)
FNDA:0,(anonymous_12)
FNDA:0,(anonymous_13)
FNDA:0,(anonymous_14)
FNDA:0,(anonymous_15)
FNDA:0,(anonymous_16)
FNDA:0,(anonymous_17)
FNDA:0,(anonymous_18)
DA:1,0
DA:2,0
DA:3,0
DA:6,0
DA:7,0
DA:10,0
DA:11,0
DA:12,0
DA:15,0
DA:16,0
DA:19,0
DA:20,0
DA:25,0
DA:26,0
DA:27,0
DA:29,0
DA:30,0
DA:31,0
DA:34,0
DA:35,0
DA:43,0
DA:44,0
DA:45,0
DA:47,0
DA:48,0
DA:51,0
DA:52,0
DA:57,0
DA:58,0
DA:59,0
DA:61,0
DA:62,0
DA:63,0
DA:67,0
DA:68,0
DA:71,0
DA:72,0
DA:75,0
DA:76,0
DA:77,0
DA:80,0
DA:81,0
DA:85,0
DA:86,0
DA:87,0
DA:90,0
DA:91,0
DA:94,0
DA:95,0
DA:96,0
DA:97,0
DA:98,0
DA:101,0
DA:102,0
DA:105,0
DA:109,0
DA:110,0
LF:57
LH:0
BRF:0
BRH:0
end_of_record
TN:
SF:app\events\page.tsx
FN:35,EventsPage
FN:39,(anonymous_3)
FN:60,(anonymous_4)
FN:64,(anonymous_5)
FN:72,(anonymous_6)
FN:88,(anonymous_7)
FNF:6
FNH:0
FNDA:0,EventsPage
FNDA:0,(anonymous_3)
FNDA:0,(anonymous_4)
FNDA:0,(anonymous_5)
FNDA:0,(anonymous_6)
FNDA:0,(anonymous_7)
DA:2,0
DA:3,0
DA:4,0
DA:5,0
DA:7,0
DA:19,0
DA:21,0
DA:28,0
DA:35,0
DA:36,0
DA:37,0
DA:39,0
DA:40,0
DA:41,0
DA:42,0
DA:61,0
DA:64,0
DA:72,0
DA:89,0
LF:19
LH:0
BRDA:40,0,0,0
BRDA:40,1,0,0
BRDA:40,1,1,0
BRDA:41,2,0,0
BRDA:63,3,0,0
BRDA:63,3,1,0
BRDA:66,4,0,0
BRDA:66,4,1,0
BRDA:71,5,0,0
BRDA:71,5,1,0
BRDA:82,6,0,0
BRDA:82,6,1,0
BRDA:89,7,0,0
BRDA:89,7,1,0
BRDA:91,8,0,0
BRDA:91,8,1,0
BRDA:91,9,0,0
BRDA:91,9,1,0
BRDA:99,10,0,0
BRDA:117,11,0,0
BRDA:117,11,1,0
BRDA:119,12,0,0
BRDA:129,13,0,0
BRF:23
BRH:0
end_of_record
TN:
SF:app\journeys\page.tsx
FN:112,JourneysPage
FN:120,(anonymous_3)
FN:147,(anonymous_4)
FN:173,(anonymous_5)
FNF:4
FNH:0
FNDA:0,JourneysPage
FNDA:0,(anonymous_3)
FNDA:0,(anonymous_4)
FNDA:0,(anonymous_5)
DA:1,0
DA:2,0
DA:4,0
DA:97,0
DA:103,0
DA:112,0
DA:121,0
DA:148,0
DA:149,0
DA:150,0
DA:151,0
DA:174,0
LF:12
LH:0
BRDA:206,0,0,0
BRDA:206,0,1,0
BRDA:207,1,0,0
BRDA:207,1,1,0
BRDA:214,2,0,0
BRDA:214,2,1,0
BRF:6
BRH:0
end_of_record
TN:
SF:app\live\page.tsx
FN:69,LivePage
FN:71,(anonymous_3)
FN:86,(anonymous_4)
FN:179,(anonymous_5)
FN:183,(anonymous_6)
FN:202,(anonymous_7)
FNF:6
FNH:0
FNDA:0,LivePage
FNDA:0,(anonymous_3)
FNDA:0,(anonymous_4)
FNDA:0,(anonymous_5)
FNDA:0,(anonymous_6)
FNDA:0,(anonymous_7)
DA:3,0
DA:4,0
DA:5,0
DA:7,0
DA:62,0
DA:69,0
DA:70,0
DA:71,0
DA:86,0
DA:180,0
DA:183,0
DA:203,0
LF:12
LH:0
BRDA:71,0,0,0
BRDA:71,0,1,0
BRDA:182,1,0,0
BRDA:182,1,1,0
BRF:4
BRH:0
end_of_record
TN:
SF:app\login\page.tsx
FN:8,LoginPage
FN:15,handleSubmit
FN:67,(anonymous_4)
FN:85,(anonymous_5)
FNF:4
FNH:4
FNDA:139,LoginPage
FNDA:4,handleSubmit
FNDA:67,(anonymous_4)
FNDA:53,(anonymous_5)
DA:2,1
DA:3,1
DA:4,1
DA:5,1
DA:6,1
DA:8,12
DA:9,139
DA:10,139
DA:11,139
DA:12,139
DA:13,139
DA:16,4
DA:17,4
DA:18,4
DA:20,4
DA:21,4
DA:22,2
DA:23,2
DA:24,2
DA:26,1
DA:28,3
DA:67,67
DA:85,53
LF:23
LH:23
BRDA:26,0,0,1
BRDA:26,0,1,0
BRDA:92,1,0,139
BRDA:105,2,0,4
BRDA:105,2,1,135
BRF:5
BRH:4
end_of_record
TN:
SF:app\merch\page.tsx
FN:29,MerchPage
FN:34,(anonymous_3)
FN:36,addToCart
FN:37,(anonymous_5)
FN:39,(anonymous_6)
FN:62,(anonymous_7)
FN:66,(anonymous_8)
FN:78,(anonymous_9)
FN:93,(anonymous_10)
FN:108,(anonymous_11)
FN:119,(anonymous_12)
FNF:11
FNH:0
FNDA:0,MerchPage
FNDA:0,(anonymous_3)
FNDA:0,addToCart
FNDA:0,(anonymous_5)
FNDA:0,(anonymous_6)
FNDA:0,(anonymous_7)
FNDA:0,(anonymous_8)
FNDA:0,(anonymous_9)
FNDA:0,(anonymous_10)
FNDA:0,(anonymous_11)
FNDA:0,(anonymous_12)
DA:2,0
DA:3,0
DA:4,0
DA:6,0
DA:21,0
DA:23,0
DA:29,0
DA:30,0
DA:31,0
DA:32,0
DA:34,0
DA:37,0
DA:38,0
DA:39,0
DA:63,0
DA:66,0
DA:79,0
DA:94,0
DA:109,0
DA:119,0
LF:20
LH:0
BRDA:34,0,0,0
BRDA:34,0,1,0
BRDA:65,1,0,0
BRDA:65,1,1,0
BRDA:68,2,0,0
BRDA:68,2,1,0
BRDA:81,3,0,0
BRDA:91,4,0,0
BRDA:106,5,0,0
BRDA:118,6,0,0
BRDA:118,6,1,0
BRDA:121,7,0,0
BRDA:121,7,1,0
BRF:13
BRH:0
end_of_record
TN:
SF:app\teams\page.tsx
FN:100,TeamsPage
FN:125,(anonymous_3)
FN:135,(anonymous_4)
FN:150,(anonymous_5)
FN:164,(anonymous_6)
FNF:5
FNH:0
FNDA:0,TeamsPage
FNDA:0,(anonymous_3)
FNDA:0,(anonymous_4)
FNDA:0,(anonymous_5)
FNDA:0,(anonymous_6)
DA:1,0
DA:2,0
DA:4,0
DA:91,0
DA:100,0
DA:126,0
DA:136,0
DA:137,0
DA:150,0
DA:165,0
LF:10
LH:0
BRDA:136,0,0,0
BRDA:136,0,1,0
BRF:2
BRH:0
end_of_record
TN:
SF:components\EventCard.tsx
FN:8,EventCard
FNF:1
FNH:1
FNDA:10,EventCard
DA:2,1
DA:8,10
LF:2
LH:2
BRDA:11,0,0,10
BRDA:25,1,0,10
BRF:2
BRH:2
end_of_record
TN:
SF:components\Hero.tsx
FN:16,Hero
FN:19,(anonymous_3)
FN:92,(anonymous_4)
FNF:3
FNH:3
FNDA:12,Hero
FNDA:12,(anonymous_3)
FNDA:72,(anonymous_4)
DA:2,1
DA:3,1
DA:4,1
DA:5,1
DA:7,1
DA:16,12
DA:17,12
DA:19,12
DA:93,72
LF:9
LH:9
BRF:0
BRH:0
end_of_record
TN:
SF:components\Nav.tsx
FN:4,Nav
FNF:1
FNH:1
FNDA:11,Nav
DA:1,1
DA:2,1
DA:4,11
LF:3
LH:3
BRF:0
BRH:0
end_of_record
TN:
SF:lib\api.ts
FN:6,fetchAPI
FN:31,getEvents
FN:37,getLiveEvents
FN:42,getEventById
FN:47,getCategories
FN:52,getCategoryBySlug
FN:57,getJourneys
FN:62,getJourneyById
FN:66,bookJourney
FN:76,getMerchItems
FN:81,getMerchItemById
FN:86,register
FN:93,login
FN:100,getCurrentUser
FNF:14
FNH:14
FNDA:30,fetchAPI
FNDA:3,getEvents
FNDA:2,getLiveEvents
FNDA:2,getEventById
FNDA:2,getCategories
FNDA:2,getCategoryBySlug
FNDA:2,getJourneys
FNDA:2,getJourneyById
FNDA:2,bookJourney
FNDA:2,getMerchItems
FNDA:2,getMerchItemById
FNDA:3,register
FNDA:4,login
FNDA:2,getCurrentUser
DA:3,1
DA:7,30
DA:9,30
DA:10,30
DA:18,30
DA:19,14
DA:20,14
DA:23,16
DA:25,14
DA:26,14
DA:31,3
DA:32,3
DA:33,3
DA:34,2
DA:37,2
DA:38,2
DA:39,1
DA:42,2
DA:43,2
DA:47,2
DA:48,2
DA:49,1
DA:52,2
DA:53,2
DA:57,2
DA:58,2
DA:59,1
DA:62,2
DA:63,2
DA:66,2
DA:67,2
DA:76,2
DA:77,2
DA:78,1
DA:81,2
DA:82,2
DA:86,3
DA:87,3
DA:93,4
DA:94,4
DA:100,2
DA:101,2
LF:42
LH:42
BRDA:3,0,0,1
BRDA:3,0,1,1
BRDA:18,1,0,14
BRDA:20,2,0,14
BRDA:20,2,1,0
BRDA:32,3,0,1
BRDA:32,3,1,2
BRF:7
BRH:6
end_of_record
